2014-10-10 13:19:20.951 DEBUG LoginController:27 - Entering Controller
2014-10-10 13:19:30.650 DEBUG LoginController:27 - Entering Controller
2014-10-10 13:19:36.209 DEBUG UserDao:30 - baba
2014-10-10 13:19:36.209 DEBUG LoginController:47 - User retrieved
2014-10-10 13:19:36.210 DEBUG LoginController:52 - password matched
2014-10-10 13:19:36.210 DEBUG LoginController:65 - leaving controller
2014-10-10 13:19:36.211 DEBUG LoginController:72 - Entered dashboardbaba@gmail.com
2014-10-10 13:19:36.224 DEBUG UserDao:30 - baba
2014-10-10 13:19:36.238 DEBUG LoginController:76 - [Tejas, Abhinav, Namrata, abhinav, vijay, puri, Shivtej]
2014-10-10 13:19:36.256 DEBUG TaskDao:28 - [com.runMyErrand.model.TaskInfo@5d064d42, com.runMyErrand.model.TaskInfo@48ba57c4, com.runMyErrand.model.TaskInfo@41d82a29, com.runMyErrand.model.TaskInfo@56b80b84]
2014-10-10 13:19:36.256 DEBUG LoginController:78 - [com.runMyErrand.model.TaskInfo@5d064d42, com.runMyErrand.model.TaskInfo@48ba57c4, com.runMyErrand.model.TaskInfo@41d82a29, com.runMyErrand.model.TaskInfo@56b80b84]
2014-10-10 13:19:36.268 DEBUG TaskDao:39 - [com.runMyErrand.model.TaskInfo@ed6215e, com.runMyErrand.model.TaskInfo@c28a9ee, com.runMyErrand.model.TaskInfo@41ac4e7e]
2014-10-10 13:19:36.268 DEBUG LoginController:80 - [com.runMyErrand.model.TaskInfo@ed6215e, com.runMyErrand.model.TaskInfo@c28a9ee, com.runMyErrand.model.TaskInfo@41ac4e7e]
2014-10-10 13:19:36.285 DEBUG TaskDao:54 - []
2014-10-10 13:19:36.285 DEBUG LoginController:82 - []
2014-10-10 13:20:32.214 DEBUG LoginController:27 - Entering Controller
2014-10-10 13:20:36.312 DEBUG LoginController:27 - Entering Controller
2014-10-10 13:20:40.652 DEBUG UserDao:30 - baba
2014-10-10 13:20:40.652 DEBUG LoginController:47 - User retrieved
2014-10-10 13:20:40.653 DEBUG LoginController:52 - password matched
2014-10-10 13:20:40.653 DEBUG LoginController:65 - leaving controller
2014-10-10 13:20:40.655 DEBUG LoginController:72 - Entered dashboardbaba@gmail.com
2014-10-10 13:20:40.668 DEBUG UserDao:30 - baba
2014-10-10 13:20:40.683 DEBUG LoginController:76 - [Tejas, Abhinav, Namrata, abhinav, vijay, puri, Shivtej]
2014-10-10 13:20:40.700 DEBUG TaskDao:28 - [com.runMyErrand.model.TaskInfo@22d6cc66, com.runMyErrand.model.TaskInfo@44054e68, com.runMyErrand.model.TaskInfo@385eb0bb, com.runMyErrand.model.TaskInfo@50a4e1e6]
2014-10-10 13:20:40.700 DEBUG LoginController:78 - [com.runMyErrand.model.TaskInfo@22d6cc66, com.runMyErrand.model.TaskInfo@44054e68, com.runMyErrand.model.TaskInfo@385eb0bb, com.runMyErrand.model.TaskInfo@50a4e1e6]
2014-10-10 13:20:40.712 DEBUG TaskDao:39 - [com.runMyErrand.model.TaskInfo@6e3e9ee9, com.runMyErrand.model.TaskInfo@51330b8a, com.runMyErrand.model.TaskInfo@6e3abaab]
2014-10-10 13:20:40.713 DEBUG LoginController:80 - [com.runMyErrand.model.TaskInfo@6e3e9ee9, com.runMyErrand.model.TaskInfo@51330b8a, com.runMyErrand.model.TaskInfo@6e3abaab]
2014-10-10 13:20:40.729 DEBUG TaskDao:54 - []
2014-10-10 13:20:40.730 DEBUG LoginController:82 - []
2014-10-10 13:21:14.589 DEBUG LoginController:27 - Entering Controller
2014-10-10 13:21:17.491 DEBUG LoginController:27 - Entering Controller
2014-10-10 13:21:23.104 DEBUG UserDao:30 - baba
2014-10-10 13:21:23.104 DEBUG LoginController:47 - User retrieved
2014-10-10 13:21:23.115 DEBUG LoginController:52 - password matched
2014-10-10 13:21:23.115 DEBUG LoginController:65 - leaving controller
2014-10-10 13:21:23.116 DEBUG LoginController:72 - Entered dashboardbaba@gmail.com
2014-10-10 13:21:23.116 DEBUG UserDao:30 - baba
2014-10-10 13:21:23.132 DEBUG LoginController:76 - [Tejas, Abhinav, Namrata, abhinav, vijay, puri, Shivtej]
2014-10-10 13:21:23.163 DEBUG TaskDao:28 - [com.runMyErrand.model.TaskInfo@263245e4, com.runMyErrand.model.TaskInfo@2e8a8f53, com.runMyErrand.model.TaskInfo@ac7aa04, com.runMyErrand.model.TaskInfo@3a6af223]
2014-10-10 13:21:23.163 DEBUG LoginController:78 - [com.runMyErrand.model.TaskInfo@263245e4, com.runMyErrand.model.TaskInfo@2e8a8f53, com.runMyErrand.model.TaskInfo@ac7aa04, com.runMyErrand.model.TaskInfo@3a6af223]
2014-10-10 13:21:23.163 DEBUG TaskDao:39 - [com.runMyErrand.model.TaskInfo@546f743d, com.runMyErrand.model.TaskInfo@61387c19, com.runMyErrand.model.TaskInfo@435b7f2c]
2014-10-10 13:21:23.163 DEBUG LoginController:80 - [com.runMyErrand.model.TaskInfo@546f743d, com.runMyErrand.model.TaskInfo@61387c19, com.runMyErrand.model.TaskInfo@435b7f2c]
2014-10-10 13:21:23.194 DEBUG TaskDao:54 - []
2014-10-10 13:21:23.194 DEBUG LoginController:82 - []
2014-10-10 13:22:57.865 DEBUG LoginController:27 - Entering Controller
2014-10-10 13:23:02.613 DEBUG LoginController:27 - Entering Controller
2014-10-10 13:23:08.359 DEBUG UserDao:30 - baba
2014-10-10 13:23:08.359 DEBUG LoginController:47 - User retrieved
2014-10-10 13:23:08.360 DEBUG LoginController:52 - password matched
2014-10-10 13:23:08.360 DEBUG LoginController:65 - leaving controller
2014-10-10 13:23:08.361 DEBUG LoginController:72 - Entered dashboardbaba@gmail.com
2014-10-10 13:23:08.377 DEBUG UserDao:30 - baba
2014-10-10 13:23:08.393 DEBUG LoginController:76 - [Tejas, Abhinav, Namrata, abhinav, vijay, puri, Shivtej]
2014-10-10 13:23:08.408 DEBUG TaskDao:28 - [com.runMyErrand.model.TaskInfo@48552eea, com.runMyErrand.model.TaskInfo@507b29bf, com.runMyErrand.model.TaskInfo@45f1e3e0, com.runMyErrand.model.TaskInfo@ba7ab00]
2014-10-10 13:23:08.408 DEBUG LoginController:78 - [com.runMyErrand.model.TaskInfo@48552eea, com.runMyErrand.model.TaskInfo@507b29bf, com.runMyErrand.model.TaskInfo@45f1e3e0, com.runMyErrand.model.TaskInfo@ba7ab00]
2014-10-10 13:23:08.424 DEBUG TaskDao:39 - [com.runMyErrand.model.TaskInfo@31de83af, com.runMyErrand.model.TaskInfo@7976fbd, com.runMyErrand.model.TaskInfo@6728e52f]
2014-10-10 13:23:08.424 DEBUG LoginController:80 - [com.runMyErrand.model.TaskInfo@31de83af, com.runMyErrand.model.TaskInfo@7976fbd, com.runMyErrand.model.TaskInfo@6728e52f]
2014-10-10 13:23:08.440 DEBUG TaskDao:54 - []
2014-10-10 13:23:08.440 DEBUG LoginController:82 - []
2014-10-10 13:23:52.159 DEBUG LoginController:27 - Entering Controller
2014-10-10 13:24:35.924 DEBUG LoginController:27 - Entering Controller
2014-10-10 13:24:39.614 DEBUG LoginController:27 - Entering Controller
2014-10-10 13:24:43.743 DEBUG UserDao:30 - baba
2014-10-10 13:24:43.743 DEBUG LoginController:47 - User retrieved
2014-10-10 13:24:43.753 DEBUG LoginController:52 - password matched
2014-10-10 13:24:43.753 DEBUG LoginController:65 - leaving controller
2014-10-10 13:24:43.754 DEBUG LoginController:72 - Entered dashboardbaba@gmail.com
2014-10-10 13:24:43.754 DEBUG UserDao:30 - baba
2014-10-10 13:24:43.769 DEBUG LoginController:76 - [Tejas, Abhinav, Namrata, abhinav, vijay, puri, Shivtej]
2014-10-10 13:24:43.785 DEBUG TaskDao:28 - [com.runMyErrand.model.TaskInfo@44891b81, com.runMyErrand.model.TaskInfo@56cd54e, com.runMyErrand.model.TaskInfo@2c27f6aa, com.runMyErrand.model.TaskInfo@73b3298b]
2014-10-10 13:24:43.801 DEBUG LoginController:78 - [com.runMyErrand.model.TaskInfo@44891b81, com.runMyErrand.model.TaskInfo@56cd54e, com.runMyErrand.model.TaskInfo@2c27f6aa, com.runMyErrand.model.TaskInfo@73b3298b]
2014-10-10 13:24:43.801 DEBUG TaskDao:39 - [com.runMyErrand.model.TaskInfo@73af29f8, com.runMyErrand.model.TaskInfo@70ec941d, com.runMyErrand.model.TaskInfo@3bf035d6]
2014-10-10 13:24:43.801 DEBUG LoginController:80 - [com.runMyErrand.model.TaskInfo@73af29f8, com.runMyErrand.model.TaskInfo@70ec941d, com.runMyErrand.model.TaskInfo@3bf035d6]
2014-10-10 13:24:43.816 DEBUG TaskDao:54 - []
2014-10-10 13:24:43.816 DEBUG LoginController:82 - []
2014-10-10 13:25:14.611 DEBUG LoginController:27 - Entering Controller
2014-10-10 13:25:20.446 DEBUG LoginController:27 - Entering Controller
2014-10-10 13:25:25.621 DEBUG UserDao:30 - baba
2014-10-10 13:25:25.621 DEBUG LoginController:47 - User retrieved
2014-10-10 13:25:25.636 DEBUG LoginController:52 - password matched
2014-10-10 13:25:25.636 DEBUG LoginController:65 - leaving controller
2014-10-10 13:25:25.637 DEBUG LoginController:72 - Entered dashboardbaba@gmail.com
2014-10-10 13:25:25.653 DEBUG UserDao:30 - baba
2014-10-10 13:25:25.668 DEBUG LoginController:76 - [Tejas, Abhinav, Namrata, abhinav, vijay, puri, Shivtej]
2014-10-10 13:25:25.684 DEBUG TaskDao:28 - [com.runMyErrand.model.TaskInfo@419ee456, com.runMyErrand.model.TaskInfo@26a0ebc2, com.runMyErrand.model.TaskInfo@ed6215e, com.runMyErrand.model.TaskInfo@c28a9ee]
2014-10-10 13:25:25.684 DEBUG LoginController:78 - [com.runMyErrand.model.TaskInfo@419ee456, com.runMyErrand.model.TaskInfo@26a0ebc2, com.runMyErrand.model.TaskInfo@ed6215e, com.runMyErrand.model.TaskInfo@c28a9ee]
2014-10-10 13:25:25.700 DEBUG TaskDao:39 - [com.runMyErrand.model.TaskInfo@7d7ca8b3, com.runMyErrand.model.TaskInfo@327c022, com.runMyErrand.model.TaskInfo@26b6f9cc]
2014-10-10 13:25:25.700 DEBUG LoginController:80 - [com.runMyErrand.model.TaskInfo@7d7ca8b3, com.runMyErrand.model.TaskInfo@327c022, com.runMyErrand.model.TaskInfo@26b6f9cc]
2014-10-10 13:25:25.715 DEBUG TaskDao:54 - []
2014-10-10 13:25:25.715 DEBUG LoginController:82 - []
2014-10-10 13:25:29.539 DEBUG LoginController:27 - Entering Controller
2014-10-10 13:26:22.763 DEBUG LoginController:27 - Entering Controller
2014-10-10 13:26:26.162 DEBUG LoginController:27 - Entering Controller
2014-10-10 13:26:30.493 DEBUG UserDao:30 - baba
2014-10-10 13:26:30.493 DEBUG LoginController:47 - User retrieved
2014-10-10 13:26:30.505 DEBUG LoginController:52 - password matched
2014-10-10 13:26:30.505 DEBUG LoginController:65 - leaving controller
2014-10-10 13:26:30.506 DEBUG LoginController:72 - Entered dashboardbaba@gmail.com
2014-10-10 13:26:30.506 DEBUG UserDao:30 - baba
2014-10-10 13:26:30.522 DEBUG LoginController:76 - [Tejas, Abhinav, Namrata, abhinav, vijay, puri, Shivtej]
2014-10-10 13:26:30.553 DEBUG TaskDao:28 - [com.runMyErrand.model.TaskInfo@70cb18b1, com.runMyErrand.model.TaskInfo@25c24651, com.runMyErrand.model.TaskInfo@75968334, com.runMyErrand.model.TaskInfo@6c80073b]
2014-10-10 13:26:30.553 DEBUG LoginController:78 - [com.runMyErrand.model.TaskInfo@70cb18b1, com.runMyErrand.model.TaskInfo@25c24651, com.runMyErrand.model.TaskInfo@75968334, com.runMyErrand.model.TaskInfo@6c80073b]
2014-10-10 13:26:30.553 DEBUG TaskDao:39 - [com.runMyErrand.model.TaskInfo@79d26e4e, com.runMyErrand.model.TaskInfo@6648015d, com.runMyErrand.model.TaskInfo@151b521]
2014-10-10 13:26:30.553 DEBUG LoginController:80 - [com.runMyErrand.model.TaskInfo@79d26e4e, com.runMyErrand.model.TaskInfo@6648015d, com.runMyErrand.model.TaskInfo@151b521]
2014-10-10 13:26:30.569 DEBUG TaskDao:54 - []
2014-10-10 13:26:30.569 DEBUG LoginController:82 - []
2014-10-10 13:26:38.019 DEBUG LoginController:27 - Entering Controller
2014-10-10 13:26:43.187 DEBUG UserDao:30 - baba
2014-10-10 13:26:43.187 DEBUG LoginController:47 - User retrieved
2014-10-10 13:26:43.199 DEBUG LoginController:52 - password matched
2014-10-10 13:26:43.199 DEBUG LoginController:65 - leaving controller
2014-10-10 13:26:43.200 DEBUG LoginController:72 - Entered dashboardbaba@gmail.com
2014-10-10 13:26:43.200 DEBUG UserDao:30 - baba
2014-10-10 13:26:43.216 DEBUG LoginController:76 - [Tejas, Abhinav, Namrata, abhinav, vijay, puri, Shivtej]
2014-10-10 13:26:43.231 DEBUG TaskDao:28 - [com.runMyErrand.model.TaskInfo@348ceef9, com.runMyErrand.model.TaskInfo@109d3863, com.runMyErrand.model.TaskInfo@41e0f41a, com.runMyErrand.model.TaskInfo@17b9f8c0]
2014-10-10 13:26:43.231 DEBUG LoginController:78 - [com.runMyErrand.model.TaskInfo@348ceef9, com.runMyErrand.model.TaskInfo@109d3863, com.runMyErrand.model.TaskInfo@41e0f41a, com.runMyErrand.model.TaskInfo@17b9f8c0]
2014-10-10 13:26:43.247 DEBUG TaskDao:39 - [com.runMyErrand.model.TaskInfo@6cda372, com.runMyErrand.model.TaskInfo@26a594db, com.runMyErrand.model.TaskInfo@40cfc9af]
2014-10-10 13:26:43.247 DEBUG LoginController:80 - [com.runMyErrand.model.TaskInfo@6cda372, com.runMyErrand.model.TaskInfo@26a594db, com.runMyErrand.model.TaskInfo@40cfc9af]
2014-10-10 13:26:43.262 DEBUG TaskDao:54 - []
2014-10-10 13:26:43.262 DEBUG LoginController:82 - []
2014-10-10 13:27:32.343 DEBUG LoginController:27 - Entering Controller
2014-10-10 13:27:37.625 DEBUG LoginController:27 - Entering Controller
2014-10-10 13:27:42.597 DEBUG UserDao:30 - baba
2014-10-10 13:27:42.597 DEBUG LoginController:47 - User retrieved
2014-10-10 13:27:42.597 DEBUG LoginController:52 - password matched
2014-10-10 13:27:42.597 DEBUG LoginController:65 - leaving controller
2014-10-10 13:27:42.597 DEBUG LoginController:72 - Entered dashboardbaba@gmail.com
2014-10-10 13:27:42.614 DEBUG UserDao:30 - baba
2014-10-10 13:27:42.614 DEBUG LoginController:76 - [Tejas, Abhinav, Namrata, abhinav, vijay, puri, Shivtej]
2014-10-10 13:27:42.629 DEBUG TaskDao:28 - [com.runMyErrand.model.TaskInfo@6cb057ec, com.runMyErrand.model.TaskInfo@2d5c7eb3, com.runMyErrand.model.TaskInfo@13823109, com.runMyErrand.model.TaskInfo@48614fe0]
2014-10-10 13:27:42.629 DEBUG LoginController:78 - [com.runMyErrand.model.TaskInfo@6cb057ec, com.runMyErrand.model.TaskInfo@2d5c7eb3, com.runMyErrand.model.TaskInfo@13823109, com.runMyErrand.model.TaskInfo@48614fe0]
2014-10-10 13:27:42.645 DEBUG TaskDao:39 - [com.runMyErrand.model.TaskInfo@4a48136d, com.runMyErrand.model.TaskInfo@41f37f34, com.runMyErrand.model.TaskInfo@592450bf]
2014-10-10 13:27:42.645 DEBUG LoginController:80 - [com.runMyErrand.model.TaskInfo@4a48136d, com.runMyErrand.model.TaskInfo@41f37f34, com.runMyErrand.model.TaskInfo@592450bf]
2014-10-10 13:27:42.645 DEBUG TaskDao:54 - []
2014-10-10 13:27:42.645 DEBUG LoginController:82 - []
2014-10-10 13:27:50.802 DEBUG LoginController:27 - Entering Controller
2014-10-10 13:28:18.372 DEBUG LoginController:27 - Entering Controller
2014-10-10 13:28:23.788 DEBUG LoginController:27 - Entering Controller
2014-10-10 13:28:28.767 DEBUG UserDao:30 - baba
2014-10-10 13:28:28.767 DEBUG LoginController:47 - User retrieved
2014-10-10 13:28:28.772 DEBUG LoginController:52 - password matched
2014-10-10 13:28:28.772 DEBUG LoginController:65 - leaving controller
2014-10-10 13:28:28.773 DEBUG LoginController:72 - Entered dashboardbaba@gmail.com
2014-10-10 13:28:28.773 DEBUG UserDao:30 - baba
2014-10-10 13:28:28.789 DEBUG LoginController:76 - [Tejas, Abhinav, Namrata, abhinav, vijay, puri, Shivtej]
2014-10-10 13:28:28.820 DEBUG TaskDao:28 - [com.runMyErrand.model.TaskInfo@105090c7, com.runMyErrand.model.TaskInfo@1951012f, com.runMyErrand.model.TaskInfo@1524c1a5, com.runMyErrand.model.TaskInfo@2025427b]
2014-10-10 13:28:28.820 DEBUG LoginController:78 - [com.runMyErrand.model.TaskInfo@105090c7, com.runMyErrand.model.TaskInfo@1951012f, com.runMyErrand.model.TaskInfo@1524c1a5, com.runMyErrand.model.TaskInfo@2025427b]
2014-10-10 13:28:28.820 DEBUG TaskDao:39 - [com.runMyErrand.model.TaskInfo@72f0060b, com.runMyErrand.model.TaskInfo@6c1cf720, com.runMyErrand.model.TaskInfo@61a48d53]
2014-10-10 13:28:28.820 DEBUG LoginController:80 - [com.runMyErrand.model.TaskInfo@72f0060b, com.runMyErrand.model.TaskInfo@6c1cf720, com.runMyErrand.model.TaskInfo@61a48d53]
2014-10-10 13:28:28.851 DEBUG TaskDao:54 - []
2014-10-10 13:28:28.851 DEBUG LoginController:82 - []
2014-10-10 13:28:39.488 DEBUG LoginController:27 - Entering Controller
2014-10-10 13:28:47.442 DEBUG UserDao:30 - baba
2014-10-10 13:28:47.442 DEBUG LoginController:47 - User retrieved
2014-10-10 13:28:47.443 DEBUG LoginController:52 - password matched
2014-10-10 13:28:47.443 DEBUG LoginController:65 - leaving controller
2014-10-10 13:28:47.444 DEBUG LoginController:72 - Entered dashboardbaba@gmail.com
2014-10-10 13:28:47.444 DEBUG UserDao:30 - baba
2014-10-10 13:28:47.460 DEBUG LoginController:76 - [Tejas, Abhinav, Namrata, abhinav, vijay, puri, Shivtej]
2014-10-10 13:28:47.475 DEBUG TaskDao:28 - [com.runMyErrand.model.TaskInfo@10a37fd5, com.runMyErrand.model.TaskInfo@5e1d817b, com.runMyErrand.model.TaskInfo@631fe282, com.runMyErrand.model.TaskInfo@424ff7a5]
2014-10-10 13:28:47.475 DEBUG LoginController:78 - [com.runMyErrand.model.TaskInfo@10a37fd5, com.runMyErrand.model.TaskInfo@5e1d817b, com.runMyErrand.model.TaskInfo@631fe282, com.runMyErrand.model.TaskInfo@424ff7a5]
2014-10-10 13:28:47.491 DEBUG TaskDao:39 - [com.runMyErrand.model.TaskInfo@38cd64aa, com.runMyErrand.model.TaskInfo@348bf208, com.runMyErrand.model.TaskInfo@4fbf062b]
2014-10-10 13:28:47.491 DEBUG LoginController:80 - [com.runMyErrand.model.TaskInfo@38cd64aa, com.runMyErrand.model.TaskInfo@348bf208, com.runMyErrand.model.TaskInfo@4fbf062b]
2014-10-10 13:28:47.507 DEBUG TaskDao:54 - []
2014-10-10 13:28:47.507 DEBUG LoginController:82 - []
2014-10-10 13:29:02.929 DEBUG LoginController:27 - Entering Controller
